runid                 	all	0
num_q                 	all	55578
num_ret               	all	7113984
num_rel               	all	59273
num_rel_ret           	all	54520
map                   	all	0.3717
gm_map                	all	0.1017
Rprec                 	all	0.2355
bpref                 	all	0.9252
recip_rank            	all	0.3770
iprec_at_recall_0.00  	all	0.3778
iprec_at_recall_0.10  	all	0.3778
iprec_at_recall_0.20  	all	0.3777
iprec_at_recall_0.30  	all	0.3775
iprec_at_recall_0.40  	all	0.3764
iprec_at_recall_0.50  	all	0.3764
iprec_at_recall_0.60  	all	0.3674
iprec_at_recall_0.70  	all	0.3674
iprec_at_recall_0.80  	all	0.3667
iprec_at_recall_0.90  	all	0.3667
iprec_at_recall_1.00  	all	0.3667
P_5                   	all	0.1107
P_10                  	all	0.0682
P_15                  	all	0.0498
P_20                  	all	0.0395
P_30                  	all	0.0281
P_100                 	all	0.0096
P_200                 	all	0.0049
P_500                 	all	0.0020
P_1000                	all	0.0010
recall_5              	all	0.5320
recall_10             	all	0.6519
recall_15             	all	0.7128
recall_20             	all	0.7522
recall_30             	all	0.8021
recall_100            	all	0.9095
recall_200            	all	0.9252
recall_500            	all	0.9252
recall_1000           	all	0.9252
infAP                 	all	0.3717
gm_bpref              	all	0.4473
Rprec_mult_0.20       	all	0.2374
Rprec_mult_0.40       	all	0.2371
Rprec_mult_0.60       	all	0.2357
Rprec_mult_0.80       	all	0.2355
Rprec_mult_1.00       	all	0.2355
Rprec_mult_1.20       	all	0.1817
Rprec_mult_1.40       	all	0.1816
Rprec_mult_1.60       	all	0.1808
Rprec_mult_1.80       	all	0.1807
Rprec_mult_2.00       	all	0.1807
utility               	all	-126.0381
11pt_avg              	all	0.3726
binG                  	all	0.4860
G                     	all	0.4860
ndcg                  	all	0.4899
ndcg_rel              	all	0.4884
Rndcg                 	all	0.3629
ndcg_cut_5            	all	0.3919
ndcg_cut_10           	all	0.4315
ndcg_cut_15           	all	0.4479
ndcg_cut_20           	all	0.4574
ndcg_cut_30           	all	0.4683
ndcg_cut_100          	all	0.4876
ndcg_cut_200          	all	0.4899
ndcg_cut_500          	all	0.4899
ndcg_cut_1000         	all	0.4899
map_cut_5             	all	0.3430
map_cut_10            	all	0.3598
map_cut_15            	all	0.3648
map_cut_20            	all	0.3672
map_cut_30            	all	0.3693
map_cut_100           	all	0.3716
map_cut_200           	all	0.3717
map_cut_500           	all	0.3717
map_cut_1000          	all	0.3717
relative_P_5          	all	0.5320
relative_P_10         	all	0.6519
relative_P_15         	all	0.7128
relative_P_20         	all	0.7522
relative_P_30         	all	0.8021
relative_P_100        	all	0.9095
relative_P_200        	all	0.9252
relative_P_500        	all	0.9252
relative_P_1000       	all	0.9252
success_1             	all	0.2375
success_5             	all	0.5424
success_10            	all	0.6620
set_P                 	all	0.0077
set_relative_P        	all	0.9252
set_recall            	all	0.9252
set_map               	all	0.0076
set_F                 	all	0.0152
num_nonrel_judged_ret 	all	0
