runid                 	all	0
num_q                 	all	55578
num_ret               	all	7113984
num_rel               	all	59273
num_rel_ret           	all	53129
map                   	all	0.3577
gm_map                	all	0.0788
Rprec                 	all	0.2288
bpref                 	all	0.9026
recip_rank            	all	0.3630
iprec_at_recall_0.00  	all	0.3637
iprec_at_recall_0.10  	all	0.3637
iprec_at_recall_0.20  	all	0.3637
iprec_at_recall_0.30  	all	0.3634
iprec_at_recall_0.40  	all	0.3624
iprec_at_recall_0.50  	all	0.3624
iprec_at_recall_0.60  	all	0.3533
iprec_at_recall_0.70  	all	0.3533
iprec_at_recall_0.80  	all	0.3527
iprec_at_recall_0.90  	all	0.3526
iprec_at_recall_1.00  	all	0.3526
P_5                   	all	0.1055
P_10                  	all	0.0651
P_15                  	all	0.0476
P_20                  	all	0.0379
P_30                  	all	0.0271
P_100                 	all	0.0094
P_200                 	all	0.0048
P_500                 	all	0.0019
P_1000                	all	0.0010
recall_5              	all	0.5074
recall_10             	all	0.6231
recall_15             	all	0.6825
recall_20             	all	0.7231
recall_30             	all	0.7723
recall_100            	all	0.8858
recall_200            	all	0.9026
recall_500            	all	0.9026
recall_1000           	all	0.9026
infAP                 	all	0.3577
gm_bpref              	all	0.3479
Rprec_mult_0.20       	all	0.2304
Rprec_mult_0.40       	all	0.2302
Rprec_mult_0.60       	all	0.2289
Rprec_mult_0.80       	all	0.2288
Rprec_mult_1.00       	all	0.2288
Rprec_mult_1.20       	all	0.1740
Rprec_mult_1.40       	all	0.1739
Rprec_mult_1.60       	all	0.1729
Rprec_mult_1.80       	all	0.1729
Rprec_mult_2.00       	all	0.1729
utility               	all	-126.0881
11pt_avg              	all	0.3585
binG                  	all	0.4694
G                     	all	0.4694
ndcg                  	all	0.4732
ndcg_rel              	all	0.4718
Rndcg                 	all	0.3511
ndcg_cut_5            	all	0.3757
ndcg_cut_10           	all	0.4139
ndcg_cut_15           	all	0.4298
ndcg_cut_20           	all	0.4396
ndcg_cut_30           	all	0.4503
ndcg_cut_100          	all	0.4707
ndcg_cut_200          	all	0.4732
ndcg_cut_500          	all	0.4732
ndcg_cut_1000         	all	0.4732
map_cut_5             	all	0.3297
map_cut_10            	all	0.3458
map_cut_15            	all	0.3507
map_cut_20            	all	0.3530
map_cut_30            	all	0.3551
map_cut_100           	all	0.3576
map_cut_200           	all	0.3577
map_cut_500           	all	0.3577
map_cut_1000          	all	0.3577
relative_P_5          	all	0.5074
relative_P_10         	all	0.6231
relative_P_15         	all	0.6825
relative_P_20         	all	0.7231
relative_P_30         	all	0.7723
relative_P_100        	all	0.8858
relative_P_200        	all	0.9026
relative_P_500        	all	0.9026
relative_P_1000       	all	0.9026
success_1             	all	0.2304
success_5             	all	0.5176
success_10            	all	0.6338
set_P                 	all	0.0075
set_relative_P        	all	0.9026
set_recall            	all	0.9026
set_map               	all	0.0074
set_F                 	all	0.0148
num_nonrel_judged_ret 	all	0
