runid                 	all	0
num_q                 	all	55578
num_ret               	all	7113984
num_rel               	all	59273
num_rel_ret           	all	52607
map                   	all	0.3468
gm_map                	all	0.0703
Rprec                 	all	0.2202
bpref                 	all	0.8940
recip_rank            	all	0.3520
iprec_at_recall_0.00  	all	0.3527
iprec_at_recall_0.10  	all	0.3527
iprec_at_recall_0.20  	all	0.3526
iprec_at_recall_0.30  	all	0.3524
iprec_at_recall_0.40  	all	0.3514
iprec_at_recall_0.50  	all	0.3513
iprec_at_recall_0.60  	all	0.3424
iprec_at_recall_0.70  	all	0.3424
iprec_at_recall_0.80  	all	0.3418
iprec_at_recall_0.90  	all	0.3418
iprec_at_recall_1.00  	all	0.3418
P_5                   	all	0.1024
P_10                  	all	0.0635
P_15                  	all	0.0466
P_20                  	all	0.0371
P_30                  	all	0.0266
P_100                 	all	0.0093
P_200                 	all	0.0047
P_500                 	all	0.0019
P_1000                	all	0.0009
recall_5              	all	0.4930
recall_10             	all	0.6077
recall_15             	all	0.6680
recall_20             	all	0.7082
recall_30             	all	0.7589
recall_100            	all	0.8767
recall_200            	all	0.8940
recall_500            	all	0.8940
recall_1000           	all	0.8940
infAP                 	all	0.3468
gm_bpref              	all	0.3160
Rprec_mult_0.20       	all	0.2213
Rprec_mult_0.40       	all	0.2212
Rprec_mult_0.60       	all	0.2204
Rprec_mult_0.80       	all	0.2202
Rprec_mult_1.00       	all	0.2202
Rprec_mult_1.20       	all	0.1682
Rprec_mult_1.40       	all	0.1681
Rprec_mult_1.60       	all	0.1672
Rprec_mult_1.80       	all	0.1672
Rprec_mult_2.00       	all	0.1672
utility               	all	-126.1069
11pt_avg              	all	0.3476
binG                  	all	0.4586
G                     	all	0.4586
ndcg                  	all	0.4622
ndcg_rel              	all	0.4609
Rndcg                 	all	0.3414
ndcg_cut_5            	all	0.3639
ndcg_cut_10           	all	0.4017
ndcg_cut_15           	all	0.4179
ndcg_cut_20           	all	0.4276
ndcg_cut_30           	all	0.4386
ndcg_cut_100          	all	0.4597
ndcg_cut_200          	all	0.4622
ndcg_cut_500          	all	0.4622
ndcg_cut_1000         	all	0.4622
map_cut_5             	all	0.3187
map_cut_10            	all	0.3347
map_cut_15            	all	0.3396
map_cut_20            	all	0.3420
map_cut_30            	all	0.3441
map_cut_100           	all	0.3466
map_cut_200           	all	0.3468
map_cut_500           	all	0.3468
map_cut_1000          	all	0.3468
relative_P_5          	all	0.4930
relative_P_10         	all	0.6077
relative_P_15         	all	0.6680
relative_P_20         	all	0.7082
relative_P_30         	all	0.7589
relative_P_100        	all	0.8767
relative_P_200        	all	0.8940
relative_P_500        	all	0.8940
relative_P_1000       	all	0.8940
success_1             	all	0.2213
success_5             	all	0.5032
success_10            	all	0.6184
set_P                 	all	0.0074
set_relative_P        	all	0.8940
set_recall            	all	0.8940
set_map               	all	0.0073
set_F                 	all	0.0147
num_nonrel_judged_ret 	all	0
